============================= test session starts ==============================
platform darwin -- Python 3.12.9, pytest-8.3.5, pluggy-1.6.0 -- /Users/chiendu/PycharmProjects/pythonProject/.venv/bin/python
cachedir: .pytest_cache
rootdir: /Users/chiendu/PycharmProjects/CMNFlow_v1
configfile: pytest.ini
plugins: anyio-4.9.0, asyncio-0.26.0
asyncio: mode=Mode.AUTO, asyncio_default_fixture_loop_scope=function, asyncio_default_test_loop_scope=function
collecting ... collected 3 items

tests/test_integration.py::test_generate_buy_signal 
-------------------------------- live log setup --------------------------------
INFO     src.core.events:events.py:158 Initialized EventBus with enabled events: ['kline', 'order_book', 'funding_rate', 'signal']
INFO     src.core.events:events.py:158 Initialized EventBus with enabled events: ['kline', 'order_book', 'funding_rate', 'signal']
INFO     src.trading.portfolio:portfolio.py:31 Initialized Portfolio for symbols: ['BTCUSDT']
ERROR
tests/test_integration.py::test_no_signal_high_margin_ratio 
-------------------------------- live log setup --------------------------------
INFO     src.core.events:events.py:158 Initialized EventBus with enabled events: ['kline', 'order_book', 'funding_rate', 'signal']
INFO     src.core.events:events.py:158 Initialized EventBus with enabled events: ['kline', 'order_book', 'funding_rate', 'signal']
INFO     src.trading.portfolio:portfolio.py:31 Initialized Portfolio for symbols: ['BTCUSDT']
ERROR
tests/test_integration.py::test_hedging_signals 
-------------------------------- live log setup --------------------------------
INFO     src.core.events:events.py:158 Initialized EventBus with enabled events: ['kline', 'order_book', 'funding_rate', 'signal']
INFO     src.core.events:events.py:158 Initialized EventBus with enabled events: ['kline', 'order_book', 'funding_rate', 'signal']
INFO     src.trading.portfolio:portfolio.py:31 Initialized Portfolio for symbols: ['BTCUSDT']
ERROR

==================================== ERRORS ====================================
__________________ ERROR at setup of test_generate_buy_signal __________________

settings = Settings(symbols=['BTCUSDT'], api_key='test_api_key', api_secret='test_api_secret', timeframes=['5m'], base_timeframe=...['kline', 'order_book', 'funding_rate', 'signal'], log_level='DEBUG', log_directory='logs', log_rotation_size=10485760)
event_bus = <src.core.events.EventBus object at 0x10b535ca0>
portfolio = <src.trading.portfolio.Portfolio object at 0x10b632450>
storage = <MagicMock spec='Storage' id='4486119504'>

    @pytest.fixture
    def signal_generator(settings, event_bus, portfolio, storage):
>       signal_generator = SignalGenerator(settings, event_bus, portfolio, storage=storage)
E       TypeError: SignalGenerator.__init__() missing 1 required positional argument: 'risk_manager'

tests/test_integration.py:69: TypeError
------------------------------ Captured log setup ------------------------------
INFO     src.core.events:events.py:158 Initialized EventBus with enabled events: ['kline', 'order_book', 'funding_rate', 'signal']
INFO     src.core.events:events.py:158 Initialized EventBus with enabled events: ['kline', 'order_book', 'funding_rate', 'signal']
INFO     src.trading.portfolio:portfolio.py:31 Initialized Portfolio for symbols: ['BTCUSDT']
______________ ERROR at setup of test_no_signal_high_margin_ratio ______________

settings = Settings(symbols=['BTCUSDT'], api_key='test_api_key', api_secret='test_api_secret', timeframes=['5m'], base_timeframe=...['kline', 'order_book', 'funding_rate', 'signal'], log_level='DEBUG', log_directory='logs', log_rotation_size=10485760)
event_bus = <src.core.events.EventBus object at 0x10b6d4c80>
portfolio = <src.trading.portfolio.Portfolio object at 0x10b6d63f0>
storage = <MagicMock spec='Storage' id='4486690624'>

    @pytest.fixture
    def signal_generator(settings, event_bus, portfolio, storage):
>       signal_generator = SignalGenerator(settings, event_bus, portfolio, storage=storage)
E       TypeError: SignalGenerator.__init__() missing 1 required positional argument: 'risk_manager'

tests/test_integration.py:69: TypeError
------------------------------ Captured log setup ------------------------------
INFO     src.core.events:events.py:158 Initialized EventBus with enabled events: ['kline', 'order_book', 'funding_rate', 'signal']
INFO     src.core.events:events.py:158 Initialized EventBus with enabled events: ['kline', 'order_book', 'funding_rate', 'signal']
INFO     src.trading.portfolio:portfolio.py:31 Initialized Portfolio for symbols: ['BTCUSDT']
____________________ ERROR at setup of test_hedging_signals ____________________

settings = Settings(symbols=['BTCUSDT'], api_key='test_api_key', api_secret='test_api_secret', timeframes=['5m'], base_timeframe=...['kline', 'order_book', 'funding_rate', 'signal'], log_level='DEBUG', log_directory='logs', log_rotation_size=10485760)
event_bus = <src.core.events.EventBus object at 0x10b6cfdd0>
portfolio = <src.trading.portfolio.Portfolio object at 0x10b70c7d0>
storage = <MagicMock spec='Storage' id='4486912848'>

    @pytest.fixture
    def signal_generator(settings, event_bus, portfolio, storage):
>       signal_generator = SignalGenerator(settings, event_bus, portfolio, storage=storage)
E       TypeError: SignalGenerator.__init__() missing 1 required positional argument: 'risk_manager'

tests/test_integration.py:69: TypeError
------------------------------ Captured log setup ------------------------------
INFO     src.core.events:events.py:158 Initialized EventBus with enabled events: ['kline', 'order_book', 'funding_rate', 'signal']
INFO     src.core.events:events.py:158 Initialized EventBus with enabled events: ['kline', 'order_book', 'funding_rate', 'signal']
INFO     src.trading.portfolio:portfolio.py:31 Initialized Portfolio for symbols: ['BTCUSDT']
=============================== warnings summary ===============================
tests/test_integration.py::test_generate_buy_signal
tests/test_integration.py::test_no_signal_high_margin_ratio
tests/test_integration.py::test_hedging_signals
  /Users/chiendu/PycharmProjects/CMNFlow_v1/src/trading/portfolio.py:30: RuntimeWarning: coroutine 'Portfolio._initialize_subscribers' was never awaited
    self._initialize_subscribers()
  Enable tracemalloc to get traceback where the object was allocated.
  See https://docs.pytest.org/en/stable/how-to/capture-warnings.html#resource-warnings for more info.

-- Docs: https://docs.pytest.org/en/stable/how-to/capture-warnings.html
=========================== short test summary info ============================
ERROR tests/test_integration.py::test_generate_buy_signal - TypeError: Signal...
ERROR tests/test_integration.py::test_no_signal_high_margin_ratio - TypeError...
ERROR tests/test_integration.py::test_hedging_signals - TypeError: SignalGene...
======================== 3 warnings, 3 errors in 0.46s =========================
